[debug] [2022-10-27T13:28:33.260Z] ----------------------------------------------------------------------
[debug] [2022-10-27T13:28:33.265Z] Command:       C:\Program Files\nodejs\node.exe C:\Users\Hi\AppData\Roaming\npm\node_modules\firebase-tools\lib\bin\firebase.js init
[debug] [2022-10-27T13:28:33.266Z] CLI Version:   11.15.0
[debug] [2022-10-27T13:28:33.267Z] Platform:      win32
[debug] [2022-10-27T13:28:33.267Z] Node Version:  v16.14.0
[debug] [2022-10-27T13:28:33.269Z] Time:          Thu Oct 27 2022 19:28:33 GMT+0600 (Bangladesh Standard Time)
[debug] [2022-10-27T13:28:33.270Z] ----------------------------------------------------------------------
[debug] 
[debug] [2022-10-27T13:28:33.287Z] > command requires scopes: ["email","openid","https://www.googleapis.com/auth/cloudplatformprojects.readonly","https://www.googleapis.com/auth/firebase","https://www.googleapis.com/auth/cloud-platform"]
[debug] [2022-10-27T13:28:33.288Z] > authorizing via signed-in user (sobujmohiuddin1426@gmail.com)
[info] 
     ######## #### ########  ######## ########     ###     ######  ########
     ##        ##  ##     ## ##       ##     ##  ##   ##  ##       ##
     ######    ##  ########  ######   ########  #########  ######  ######
     ##        ##  ##    ##  ##       ##     ## ##     ##       ## ##
     ##       #### ##     ## ######## ########  ##     ##  ######  ########

You're about to initialize a Firebase project in this directory:

  D:\173400002\All React Project\learning-platform-client

[info] 
=== Project Setup
[info] 
[info] First, let's associate this project directory with a Firebase project.
[info] You can create multiple project aliases by running firebase use --add, 
[info] but for now we'll just set up a default project.
[info] 
[info] i  If you want to create a project in a Google Cloud organization or folder, please use "firebase projects:create" instead, and return to this command when you've created the project. 
